<?xml version="1.0" encoding="UTF-8"?>
<beans xmlns="http://www.springframework.org/schema/beans" xmlns:xsi="http://www.w3.org/2001/XMLSchema-instance"
       xmlns:context="http://www.springframework.org/schema/context"
       xmlns:jpa="http://www.springframework.org/schema/data/jpa"
       xmlns:mvc="http://www.springframework.org/schema/mvc"
       xsi:schemaLocation="http://www.springframework.org/schema/beans http://www.springframework.org/schema/beans/spring-beans.xsd
						   http://www.springframework.org/schema/context http://www.springframework.org/schema/context/spring-context.xsd
						   http://www.springframework.org/schema/data/jpa http://www.springframework.org/schema/data/jpa/spring-jpa.xsd
						   http://www.springframework.org/schema/mvc http://www.springframework.org/schema/mvc/spring-mvc.xsd">
    	
	<context:annotation-config/>
	<context:component-scan base-package="com.walmart.logistics.pathfinder"/>

    <jpa:repositories base-package="com.walmart.logistics.pathfinder.repository"></jpa:repositories>

    
    <bean class="org.springframework.orm.jpa.support.PersistenceAnnotationBeanPostProcessor"/>
    
    <bean id="transactionManager" class="org.springframework.orm.jpa.JpaTransactionManager">
    	<property name="entityManagerFactory" ref="entityManagerFactory"/>
	</bean>
	
    <bean id="entityManagerFactory" class="org.springframework.orm.jpa.LocalContainerEntityManagerFactoryBean">
        <property name="persistenceProviderClass" value="org.hibernate.jpa.HibernatePersistenceProvider"/>
        <!-- <property name="persistenceUnitName" value="walmartCRMPU"/> -->
        <property name="persistenceXmlLocation" value="classpath:META-INF/persistence.xml"/>
    </bean>

    
    

</beans>